{
  "stats": {
    "suites": 3,
    "tests": 13,
    "passes": 13,
    "pending": 0,
    "failures": 0,
    "start": "2024-10-21T04:48:12.185Z",
    "end": "2024-10-21T04:49:17.764Z",
    "duration": 65579,
    "testsRegistered": 13,
    "passPercent": 100,
    "pendingPercent": 0,
    "other": 0,
    "hasOther": false,
    "skipped": 0,
    "hasSkipped": false
  },
  "results": [
    {
      "uuid": "7989484e-b6df-488b-953a-846002adb518",
      "title": "",
      "fullFile": "cypress\\e2e\\E2E Tests\\TestesMovimentacao.cy.js",
      "file": "cypress\\e2e\\E2E Tests\\TestesMovimentacao.cy.js",
      "beforeHooks": [],
      "afterHooks": [],
      "tests": [],
      "suites": [
        {
          "uuid": "8a45dca0-1303-4c12-8b48-87f2e0a0f5aa",
          "title": "Testes de Criação de Movimentação",
          "fullFile": "",
          "file": "",
          "beforeHooks": [],
          "afterHooks": [],
          "tests": [],
          "suites": [
            {
              "uuid": "be889bb6-c838-4798-8c90-e3dc86a61e24",
              "title": "Cenários de Não Sucesso",
              "fullFile": "",
              "file": "",
              "beforeHooks": [],
              "afterHooks": [],
              "tests": [
                {
                  "title": "Exibe mensagem de erro - Data da Movimentação inválida (DD/MM/YYYY)",
                  "fullTitle": "Testes de Criação de Movimentação Cenários de Não Sucesso Exibe mensagem de erro - Data da Movimentação inválida (DD/MM/YYYY)",
                  "timedOut": null,
                  "duration": 6670,
                  "state": "passed",
                  "speed": "medium",
                  "pass": true,
                  "fail": false,
                  "pending": false,
                  "context": null,
                  "code": "const tipoMovimentacao = 'Receita';\nconst dataMovimentacao = '31-01-2024';\nconst dataPagamento = '21/10/2024';\nconst descricao = 'Venda de produto';\nconst interessado = 'Cliente A';\nconst valor = '100.00';\nconst situacao = 'Pago';\ncy.criaMovimentacao(tipoMovimentacao, dataMovimentacao, dataPagamento, descricao, interessado, valor, nomeConta, situacao);\n// Verificar mensagem de erro\ncy.get('.alert').should('be.visible').contains('Data da Movimentação inválida (DD/MM/YYYY)');",
                  "err": {},
                  "uuid": "b3bb299e-3dc0-4876-b2cb-d3baf2cdc877",
                  "parentUUID": "be889bb6-c838-4798-8c90-e3dc86a61e24",
                  "isHook": false,
                  "skipped": false
                },
                {
                  "title": "Exibe mensagem de erro - Data da Movimentação deve ser menor ou igual à data atual",
                  "fullTitle": "Testes de Criação de Movimentação Cenários de Não Sucesso Exibe mensagem de erro - Data da Movimentação deve ser menor ou igual à data atual",
                  "timedOut": null,
                  "duration": 4698,
                  "state": "passed",
                  "speed": "fast",
                  "pass": true,
                  "fail": false,
                  "pending": false,
                  "context": null,
                  "code": "const tipoMovimentacao = 'Despesa';\nconst dataMovimentacao = '31/12/2999'; // Data futura\nconst dataPagamento = '21/10/2024'; // Formato DD/MM/YYYY\nconst descricao = 'Compra de material';\nconst interessado = 'Fornecedor B';\nconst valor = '50.00';\nconst situacao = 'Pendente';\ncy.criaMovimentacao(tipoMovimentacao, dataMovimentacao, dataPagamento, descricao, interessado, valor, nomeConta, situacao);\ncy.get('.alert').should('be.visible').contains('Data da Movimentação deve ser menor ou igual à data atual');",
                  "err": {},
                  "uuid": "e6970a5b-2f93-412b-987d-370ea72f1b05",
                  "parentUUID": "be889bb6-c838-4798-8c90-e3dc86a61e24",
                  "isHook": false,
                  "skipped": false
                },
                {
                  "title": "Exibe mensagem de erro - Data do pagamento inválida (DD/MM/YYYY)",
                  "fullTitle": "Testes de Criação de Movimentação Cenários de Não Sucesso Exibe mensagem de erro - Data do pagamento inválida (DD/MM/YYYY)",
                  "timedOut": null,
                  "duration": 4626,
                  "state": "passed",
                  "speed": "fast",
                  "pass": true,
                  "fail": false,
                  "pending": false,
                  "context": null,
                  "code": "const tipoMovimentacao = 'Receita';\nconst dataMovimentacao = '20/10/2024'; // Formato DD/MM/YYYY\nconst dataPagamento = '31-02-2024'; // Data inválida\nconst descricao = 'Venda de produto';\nconst interessado = 'Cliente A';\nconst valor = '100.00';\nconst situacao = 'Pago';\ncy.criaMovimentacao(tipoMovimentacao, dataMovimentacao, dataPagamento, descricao, interessado, valor, nomeConta, situacao);\n// Verificar mensagem de erro\ncy.get('.alert').should('be.visible').contains('Data do pagamento inválida (DD/MM/YYYY)');",
                  "err": {},
                  "uuid": "20a1b2b5-b992-4ebc-b469-b900628083ea",
                  "parentUUID": "be889bb6-c838-4798-8c90-e3dc86a61e24",
                  "isHook": false,
                  "skipped": false
                },
                {
                  "title": "Exibe mensagem de erro - Valor é obrigatório",
                  "fullTitle": "Testes de Criação de Movimentação Cenários de Não Sucesso Exibe mensagem de erro - Valor é obrigatório",
                  "timedOut": null,
                  "duration": 4561,
                  "state": "passed",
                  "speed": "fast",
                  "pass": true,
                  "fail": false,
                  "pending": false,
                  "context": null,
                  "code": "const tipoMovimentacao = 'Despesa';\nconst dataMovimentacao = '20/10/2024'; // Formato DD/MM/YYYY\nconst dataPagamento = '21/10/2024'; // Formato DD/MM/YYYY\nconst descricao = 'Compra de material';\nconst interessado = 'Fornecedor B';\nconst valor = '';\nconst situacao = 'Pendente';\ncy.criaMovimentacao(tipoMovimentacao, dataMovimentacao, dataPagamento, descricao, interessado, valor, nomeConta, situacao);\n// Verificar mensagem de erro\ncy.get('.alert').should('contain', 'Valor é obrigatório');",
                  "err": {},
                  "uuid": "782b7a73-1cc1-472d-a1ae-6b5934789930",
                  "parentUUID": "be889bb6-c838-4798-8c90-e3dc86a61e24",
                  "isHook": false,
                  "skipped": false
                },
                {
                  "title": "Exibe mensagem de erro - Valor deve ser um número",
                  "fullTitle": "Testes de Criação de Movimentação Cenários de Não Sucesso Exibe mensagem de erro - Valor deve ser um número",
                  "timedOut": null,
                  "duration": 4817,
                  "state": "passed",
                  "speed": "fast",
                  "pass": true,
                  "fail": false,
                  "pending": false,
                  "context": null,
                  "code": "const tipoMovimentacao = 'Receita';\nconst dataMovimentacao = '20/10/2024'; // Formato DD/MM/YYYY\nconst dataPagamento = '21/10/2024'; // Formato DD/MM/YYYY\nconst descricao = 'Venda de produto';\nconst interessado = 'Cliente A';\nconst valor = 'não é um número'; // Valor inválido\nconst situacao = 'Pago';\ncy.criaMovimentacao(tipoMovimentacao, dataMovimentacao, dataPagamento, descricao, interessado, valor, nomeConta, situacao);\n// Verificar mensagem de erro\ncy.get('.alert').should('contain', 'Valor deve ser um número');",
                  "err": {},
                  "uuid": "249acaf5-7f25-4566-b9ec-f50e48fd2b0c",
                  "parentUUID": "be889bb6-c838-4798-8c90-e3dc86a61e24",
                  "isHook": false,
                  "skipped": false
                },
                {
                  "title": "Exibe mensagem de campo obrigatório - Data de Movimentação",
                  "fullTitle": "Testes de Criação de Movimentação Cenários de Não Sucesso Exibe mensagem de campo obrigatório - Data de Movimentação",
                  "timedOut": null,
                  "duration": 4476,
                  "state": "passed",
                  "speed": "fast",
                  "pass": true,
                  "fail": false,
                  "pending": false,
                  "context": null,
                  "code": "const tipoMovimentacao = 'Receita';\nconst dataMovimentacao = '';\nconst dataPagamento = '21/10/2024'; // Formato DD/MM/YYYY\nconst descricao = 'Venda de produto';\nconst interessado = 'Cliente A';\nconst valor = '100.00';\nconst situacao = 'Pago';\ncy.criaMovimentacao(tipoMovimentacao, dataMovimentacao, dataPagamento, descricao, interessado, valor, nomeConta, situacao);\ncy.get('.alert').should('contain', 'Data da Movimentação é obrigatório');",
                  "err": {},
                  "uuid": "fad57324-61bb-4a99-a5f4-eed3355db0e5",
                  "parentUUID": "be889bb6-c838-4798-8c90-e3dc86a61e24",
                  "isHook": false,
                  "skipped": false
                },
                {
                  "title": "Exibe mensagem de campo obrigatório - Data de Pagamento",
                  "fullTitle": "Testes de Criação de Movimentação Cenários de Não Sucesso Exibe mensagem de campo obrigatório - Data de Pagamento",
                  "timedOut": null,
                  "duration": 4804,
                  "state": "passed",
                  "speed": "fast",
                  "pass": true,
                  "fail": false,
                  "pending": false,
                  "context": null,
                  "code": "const tipoMovimentacao = 'Despesa';\nconst dataMovimentacao = '20/10/2024'; // Formato DD/MM/YYYY\nconst dataPagamento = '';\nconst descricao = 'Compra de material';\nconst interessado = 'Fornecedor B';\nconst valor = '50.00';\nconst situacao = 'Pago';\ncy.criaMovimentacao(tipoMovimentacao, dataMovimentacao, dataPagamento, descricao, interessado, valor, nomeConta, situacao);\ncy.get('.alert').should('contain', 'Data do pagamento é obrigatório');",
                  "err": {},
                  "uuid": "5d7bddd2-f530-4068-805d-184ba2916d9a",
                  "parentUUID": "be889bb6-c838-4798-8c90-e3dc86a61e24",
                  "isHook": false,
                  "skipped": false
                },
                {
                  "title": "Exibe mensagem de campo obrigatório - Descrição",
                  "fullTitle": "Testes de Criação de Movimentação Cenários de Não Sucesso Exibe mensagem de campo obrigatório - Descrição",
                  "timedOut": null,
                  "duration": 4433,
                  "state": "passed",
                  "speed": "fast",
                  "pass": true,
                  "fail": false,
                  "pending": false,
                  "context": null,
                  "code": "const tipoMovimentacao = 'Receita';\nconst dataMovimentacao = '20/10/2024'; // Formato DD/MM/YYYY\nconst dataPagamento = '21/10/2024'; // Formato DD/MM/YYYY\nconst descricao = '';\nconst interessado = 'Cliente A';\nconst valor = '100.00';\nconst situacao = 'Pago';\ncy.criaMovimentacao(tipoMovimentacao, dataMovimentacao, dataPagamento, descricao, interessado, valor, nomeConta, situacao);\ncy.get('.alert').should('contain', 'Descrição é obrigatório');",
                  "err": {},
                  "uuid": "e7a66f6d-30bb-4126-9eaa-c53b1d272ee0",
                  "parentUUID": "be889bb6-c838-4798-8c90-e3dc86a61e24",
                  "isHook": false,
                  "skipped": false
                },
                {
                  "title": "Exibe mensagem de campo obrigatório - Interessado",
                  "fullTitle": "Testes de Criação de Movimentação Cenários de Não Sucesso Exibe mensagem de campo obrigatório - Interessado",
                  "timedOut": null,
                  "duration": 4454,
                  "state": "passed",
                  "speed": "fast",
                  "pass": true,
                  "fail": false,
                  "pending": false,
                  "context": null,
                  "code": "const tipoMovimentacao = 'Despesa';\nconst dataMovimentacao = '20/10/2024'; // Formato DD/MM/YYYY\nconst dataPagamento = '21/10/2024'; // Formato DD/MM/YYYY\nconst descricao = 'Compra de material';\nconst interessado = '';\nconst valor = '50.00';\nconst situacao = 'Pendente';\ncy.criaMovimentacao(tipoMovimentacao, dataMovimentacao, dataPagamento, descricao, interessado, valor, nomeConta, situacao);\ncy.get('.alert').should('contain', 'Interessado é obrigatório');",
                  "err": {},
                  "uuid": "0c431d4d-f7a0-46c9-9c66-60210655c985",
                  "parentUUID": "be889bb6-c838-4798-8c90-e3dc86a61e24",
                  "isHook": false,
                  "skipped": false
                }
              ],
              "suites": [],
              "passes": [
                "b3bb299e-3dc0-4876-b2cb-d3baf2cdc877",
                "e6970a5b-2f93-412b-987d-370ea72f1b05",
                "20a1b2b5-b992-4ebc-b469-b900628083ea",
                "782b7a73-1cc1-472d-a1ae-6b5934789930",
                "249acaf5-7f25-4566-b9ec-f50e48fd2b0c",
                "fad57324-61bb-4a99-a5f4-eed3355db0e5",
                "5d7bddd2-f530-4068-805d-184ba2916d9a",
                "e7a66f6d-30bb-4126-9eaa-c53b1d272ee0",
                "0c431d4d-f7a0-46c9-9c66-60210655c985"
              ],
              "failures": [],
              "pending": [],
              "skipped": [],
              "duration": 43539,
              "root": false,
              "rootEmpty": false,
              "_timeout": 2000
            },
            {
              "uuid": "528042f1-13e9-4c35-8801-383c8ea4359e",
              "title": "Cenários de Sucesso",
              "fullFile": "",
              "file": "",
              "beforeHooks": [],
              "afterHooks": [],
              "tests": [
                {
                  "title": "Cria movimentação de Receita com sucesso",
                  "fullTitle": "Testes de Criação de Movimentação Cenários de Sucesso Cria movimentação de Receita com sucesso",
                  "timedOut": null,
                  "duration": 4826,
                  "state": "passed",
                  "speed": "fast",
                  "pass": true,
                  "fail": false,
                  "pending": false,
                  "context": null,
                  "code": "const tipoMovimentacao = 'Receita';\nconst dataMovimentacao = '20/10/2024'; // Formato DD/MM/YYYY\nconst dataPagamento = '20/10/2024'; // Formato DD/MM/YYYY\nconst descricao = 'Venda de produto';\nconst interessado = 'Cliente A';\nconst valor = '100.00';\nconst situacao = 'Pago';\ncy.criaMovimentacao(tipoMovimentacao, dataMovimentacao, dataPagamento, descricao, interessado, valor, nomeConta, situacao);\ncy.get('.alert').should('be.visible').contains('Movimentação adicionada com sucesso!');\ncy.validaMovimentacaoCadastrada(descricao, dataPagamento, nomeConta, valor, situacao);",
                  "err": {},
                  "uuid": "ae527b99-b46f-40c1-a2cf-533fff3f17bf",
                  "parentUUID": "528042f1-13e9-4c35-8801-383c8ea4359e",
                  "isHook": false,
                  "skipped": false
                },
                {
                  "title": "Cria movimentação de Despesa com sucesso",
                  "fullTitle": "Testes de Criação de Movimentação Cenários de Sucesso Cria movimentação de Despesa com sucesso",
                  "timedOut": null,
                  "duration": 4871,
                  "state": "passed",
                  "speed": "fast",
                  "pass": true,
                  "fail": false,
                  "pending": false,
                  "context": null,
                  "code": "const tipoMovimentacao = 'Despesa';\nconst dataMovimentacao = '20/10/2024'; // Formato DD/MM/YYYY\nconst dataPagamento = '20/10/2024'; // Formato DD/MM/YYYY\nconst descricao = 'Compra de material';\nconst interessado = 'Fornecedor B';\nconst valor = '50.00';\nconst situacao = 'Pago';\ncy.criaMovimentacao(tipoMovimentacao, dataMovimentacao, dataPagamento, descricao, interessado, valor, nomeConta, situacao);\ncy.get('.alert').should('be.visible').contains('Movimentação adicionada com sucesso!');\ncy.validaMovimentacaoCadastrada(descricao, dataPagamento, nomeConta, valor, situacao);",
                  "err": {},
                  "uuid": "f2c52f9f-ec93-4a9c-87b7-89ea8c5a20e5",
                  "parentUUID": "528042f1-13e9-4c35-8801-383c8ea4359e",
                  "isHook": false,
                  "skipped": false
                },
                {
                  "title": "Cria movimentação de Receita Pendente com sucesso",
                  "fullTitle": "Testes de Criação de Movimentação Cenários de Sucesso Cria movimentação de Receita Pendente com sucesso",
                  "timedOut": null,
                  "duration": 4825,
                  "state": "passed",
                  "speed": "fast",
                  "pass": true,
                  "fail": false,
                  "pending": false,
                  "context": null,
                  "code": "const tipoMovimentacao = 'Receita';\nconst dataMovimentacao = '20/10/2024'; // Formato DD/MM/YYYY\nconst dataPagamento = '20/10/2024'; // Pendente\nconst descricao = 'Venda de serviço';\nconst interessado = 'Cliente C';\nconst valor = '200.00';\nconst situacao = 'Pendente';\ncy.criaMovimentacao(tipoMovimentacao, dataMovimentacao, dataPagamento, descricao, interessado, valor, nomeConta, situacao);\ncy.get('.alert').should('be.visible').contains('Movimentação adicionada com sucesso!');\ncy.validaMovimentacaoCadastrada(descricao, dataPagamento, nomeConta, valor, situacao);",
                  "err": {},
                  "uuid": "9ddf6d30-8e88-4c05-8811-ecf21c534eae",
                  "parentUUID": "528042f1-13e9-4c35-8801-383c8ea4359e",
                  "isHook": false,
                  "skipped": false
                },
                {
                  "title": "Cria movimentação de Despesa Pendente com sucesso",
                  "fullTitle": "Testes de Criação de Movimentação Cenários de Sucesso Cria movimentação de Despesa Pendente com sucesso",
                  "timedOut": null,
                  "duration": 4929,
                  "state": "passed",
                  "speed": "fast",
                  "pass": true,
                  "fail": false,
                  "pending": false,
                  "context": null,
                  "code": "const tipoMovimentacao = 'Despesa';\nconst dataMovimentacao = '20/10/2024'; // Formato DD/MM/YYYY\nconst dataPagamento = '20/10/2024'; // Pendente\nconst descricao = 'Pagamento de aluguel';\nconst interessado = 'Fornecedor D';\nconst valor = '800.00';\nconst situacao = 'Pendente';\ncy.criaMovimentacao(tipoMovimentacao, dataMovimentacao, dataPagamento, descricao, interessado, valor, nomeConta, situacao);\ncy.get('.alert').should('be.visible').contains('Movimentação adicionada com sucesso!');\ncy.validaMovimentacaoCadastrada(descricao, dataPagamento, nomeConta, valor, situacao);",
                  "err": {},
                  "uuid": "cf8c1294-e5fe-4468-a821-4ab1294d5e6e",
                  "parentUUID": "528042f1-13e9-4c35-8801-383c8ea4359e",
                  "isHook": false,
                  "skipped": false
                }
              ],
              "suites": [],
              "passes": [
                "ae527b99-b46f-40c1-a2cf-533fff3f17bf",
                "f2c52f9f-ec93-4a9c-87b7-89ea8c5a20e5",
                "9ddf6d30-8e88-4c05-8811-ecf21c534eae",
                "cf8c1294-e5fe-4468-a821-4ab1294d5e6e"
              ],
              "failures": [],
              "pending": [],
              "skipped": [],
              "duration": 19451,
              "root": false,
              "rootEmpty": false,
              "_timeout": 2000
            }
          ],
          "passes": [],
          "failures": [],
          "pending": [],
          "skipped": [],
          "duration": 0,
          "root": false,
          "rootEmpty": false,
          "_timeout": 2000
        }
      ],
      "passes": [],
      "failures": [],
      "pending": [],
      "skipped": [],
      "duration": 0,
      "root": true,
      "rootEmpty": true,
      "_timeout": 2000
    }
  ],
  "meta": {
    "mocha": {
      "version": "7.0.1"
    },
    "mochawesome": {
      "options": {
        "quiet": false,
        "reportFilename": "mochawesome",
        "saveHtml": true,
        "saveJson": true,
        "consoleReporter": "spec",
        "useInlineDiffs": false,
        "code": true
      },
      "version": "7.1.3"
    },
    "marge": {
      "options": {
        "reportDir": "cypress/reports",
        "overwrite": false,
        "html": true,
        "json": true
      },
      "version": "6.2.0"
    }
  }
}