{
  "stats": {
    "suites": 1,
    "tests": 5,
    "passes": 5,
    "pending": 0,
    "failures": 0,
    "start": "2024-10-21T04:47:25.667Z",
    "end": "2024-10-21T04:47:43.134Z",
    "duration": 17467,
    "testsRegistered": 5,
    "passPercent": 100,
    "pendingPercent": 0,
    "other": 0,
    "hasOther": false,
    "skipped": 0,
    "hasSkipped": false
  },
  "results": [
    {
      "uuid": "8fdbae93-04c1-497b-987f-d41320c62392",
      "title": "",
      "fullFile": "cypress\\e2e\\E2E Tests\\TestesConta.cy.js",
      "file": "cypress\\e2e\\E2E Tests\\TestesConta.cy.js",
      "beforeHooks": [],
      "afterHooks": [],
      "tests": [],
      "suites": [
        {
          "uuid": "58b44cff-e304-40b0-9151-92e29351c5a0",
          "title": "Testes de Contas",
          "fullFile": "",
          "file": "",
          "beforeHooks": [],
          "afterHooks": [],
          "tests": [
            {
              "title": "Exibe mensagem de campo obrigatório - Nome",
              "fullTitle": "Testes de Contas Exibe mensagem de campo obrigatório - Nome",
              "timedOut": null,
              "duration": 4583,
              "state": "passed",
              "speed": "fast",
              "pass": true,
              "fail": false,
              "pending": false,
              "context": null,
              "code": "cy.adicionaConta(\"\");\ncy.get('.alert').should('be.visible').contains('Informe o nome da conta');",
              "err": {},
              "uuid": "3de1c961-3f49-4a8f-ae1d-c81fb1658a87",
              "parentUUID": "58b44cff-e304-40b0-9151-92e29351c5a0",
              "isHook": false,
              "skipped": false
            },
            {
              "title": "Cria uma Conta com sucesso",
              "fullTitle": "Testes de Contas Cria uma Conta com sucesso",
              "timedOut": null,
              "duration": 2411,
              "state": "passed",
              "speed": "fast",
              "pass": true,
              "fail": false,
              "pending": false,
              "context": null,
              "code": "cy.adicionaConta(nomeConta);\ncy.get('.alert').should('be.visible').contains('Conta adicionada com sucesso!');\ncy.contains(nomeConta).should('be.visible');",
              "err": {},
              "uuid": "6add586f-aa1c-483c-8746-3f30e2d49a90",
              "parentUUID": "58b44cff-e304-40b0-9151-92e29351c5a0",
              "isHook": false,
              "skipped": false
            },
            {
              "title": "Exibe mensagem de nome obrigatório - Editar",
              "fullTitle": "Testes de Contas Exibe mensagem de nome obrigatório - Editar",
              "timedOut": null,
              "duration": 2358,
              "state": "passed",
              "speed": "fast",
              "pass": true,
              "fail": false,
              "pending": false,
              "context": null,
              "code": "cy.editaConta(\"\");\ncy.contains('.alert', 'Informe o nome da conta').should('be.visible');",
              "err": {},
              "uuid": "381c25d3-8623-4634-9c6d-eea35b2d222e",
              "parentUUID": "58b44cff-e304-40b0-9151-92e29351c5a0",
              "isHook": false,
              "skipped": false
            },
            {
              "title": "Edita Conta com sucesso",
              "fullTitle": "Testes de Contas Edita Conta com sucesso",
              "timedOut": null,
              "duration": 2511,
              "state": "passed",
              "speed": "fast",
              "pass": true,
              "fail": false,
              "pending": false,
              "context": null,
              "code": "const novoNomeConta = _faker.faker.person.firstName();\ncy.editaConta(novoNomeConta);\ncy.contains('.alert', 'Conta alterada com sucesso!').should('be.visible');",
              "err": {},
              "uuid": "467ae765-4a72-4cfa-8748-4ff1672c3a81",
              "parentUUID": "58b44cff-e304-40b0-9151-92e29351c5a0",
              "isHook": false,
              "skipped": false
            },
            {
              "title": "Exclui Conta com sucesso",
              "fullTitle": "Testes de Contas Exclui Conta com sucesso",
              "timedOut": null,
              "duration": 2025,
              "state": "passed",
              "speed": "fast",
              "pass": true,
              "fail": false,
              "pending": false,
              "context": null,
              "code": "cy.get(\".dropdown-toggle\").click();\ncy.contains(\"Listar\").click();\ncy.get('[href*=\"/removerConta?id=\"] > .glyphicon').click();\ncy.contains('.alert', 'Conta removida com sucesso!').should('be.visible');",
              "err": {},
              "uuid": "4a4a80a0-7766-463e-bee1-d5d06688f808",
              "parentUUID": "58b44cff-e304-40b0-9151-92e29351c5a0",
              "isHook": false,
              "skipped": false
            }
          ],
          "suites": [],
          "passes": [
            "3de1c961-3f49-4a8f-ae1d-c81fb1658a87",
            "6add586f-aa1c-483c-8746-3f30e2d49a90",
            "381c25d3-8623-4634-9c6d-eea35b2d222e",
            "467ae765-4a72-4cfa-8748-4ff1672c3a81",
            "4a4a80a0-7766-463e-bee1-d5d06688f808"
          ],
          "failures": [],
          "pending": [],
          "skipped": [],
          "duration": 13888,
          "root": false,
          "rootEmpty": false,
          "_timeout": 2000
        }
      ],
      "passes": [],
      "failures": [],
      "pending": [],
      "skipped": [],
      "duration": 0,
      "root": true,
      "rootEmpty": true,
      "_timeout": 2000
    }
  ],
  "meta": {
    "mocha": {
      "version": "7.0.1"
    },
    "mochawesome": {
      "options": {
        "quiet": false,
        "reportFilename": "mochawesome",
        "saveHtml": true,
        "saveJson": true,
        "consoleReporter": "spec",
        "useInlineDiffs": false,
        "code": true
      },
      "version": "7.1.3"
    },
    "marge": {
      "options": {
        "reportDir": "cypress/reports",
        "overwrite": false,
        "html": true,
        "json": true
      },
      "version": "6.2.0"
    }
  }
}