{
  "stats": {
    "suites": 1,
    "tests": 6,
    "passes": 6,
    "pending": 0,
    "failures": 0,
    "start": "2024-10-21T04:47:58.627Z",
    "end": "2024-10-21T04:48:09.136Z",
    "duration": 10509,
    "testsRegistered": 6,
    "passPercent": 100,
    "pendingPercent": 0,
    "other": 0,
    "hasOther": false,
    "skipped": 0,
    "hasSkipped": false
  },
  "results": [
    {
      "uuid": "b32471ec-36ad-47db-8276-a629d30bc31b",
      "title": "",
      "fullFile": "cypress\\e2e\\E2E Tests\\TestesLogin.cy.js",
      "file": "cypress\\e2e\\E2E Tests\\TestesLogin.cy.js",
      "beforeHooks": [],
      "afterHooks": [],
      "tests": [],
      "suites": [
        {
          "uuid": "dc368489-a84a-449a-afc2-f0d293660e20",
          "title": "Testes de Login",
          "fullFile": "",
          "file": "",
          "beforeHooks": [],
          "afterHooks": [],
          "tests": [
            {
              "title": "Exibe mensagem de erro - Senha inválida",
              "fullTitle": "Testes de Login Exibe mensagem de erro - Senha inválida",
              "timedOut": null,
              "duration": 3734,
              "state": "passed",
              "speed": "fast",
              "pass": true,
              "fail": false,
              "pending": false,
              "context": null,
              "code": "cy.preencheLogin(email, \"senhainvalida\");\ncy.get(\".alert\").should(\"be.visible\").contains(\"Problemas com o login do usuário\");",
              "err": {},
              "uuid": "7bcfa2b3-ccbb-45e2-8fdc-9933c68b688c",
              "parentUUID": "dc368489-a84a-449a-afc2-f0d293660e20",
              "isHook": false,
              "skipped": false
            },
            {
              "title": "Exibe mensagem de erro - Email inválida",
              "fullTitle": "Testes de Login Exibe mensagem de erro - Email inválida",
              "timedOut": null,
              "duration": 456,
              "state": "passed",
              "speed": "fast",
              "pass": true,
              "fail": false,
              "pending": false,
              "context": null,
              "code": "cy.get('#email').type(\"emailInvalido\").invoke(\"prop\", \"validationMessage\").should(\"include\", 'Inclua um \"@\" no endereço de e-mail');",
              "err": {},
              "uuid": "75fb0913-49e6-4a72-9cc3-b349bc32b44a",
              "parentUUID": "dc368489-a84a-449a-afc2-f0d293660e20",
              "isHook": false,
              "skipped": false
            },
            {
              "title": "Exibe mensagem erro - Email Obrigatório",
              "fullTitle": "Testes de Login Exibe mensagem erro - Email Obrigatório",
              "timedOut": null,
              "duration": 891,
              "state": "passed",
              "speed": "fast",
              "pass": true,
              "fail": false,
              "pending": false,
              "context": null,
              "code": "cy.preencheLogin(\"\", senha);\ncy.get('.alert').should('be.visible').contains('Email é um campo obrigatório');",
              "err": {},
              "uuid": "48ee45cf-26f2-4416-a93a-51ac4d3d51be",
              "parentUUID": "dc368489-a84a-449a-afc2-f0d293660e20",
              "isHook": false,
              "skipped": false
            },
            {
              "title": "Exibe mensagem erro - Senha Obrigatória",
              "fullTitle": "Testes de Login Exibe mensagem erro - Senha Obrigatória",
              "timedOut": null,
              "duration": 1008,
              "state": "passed",
              "speed": "fast",
              "pass": true,
              "fail": false,
              "pending": false,
              "context": null,
              "code": "cy.preencheLogin(email, \"\");\ncy.get('.alert').should('be.visible').contains('Senha é um campo obrigatório');",
              "err": {},
              "uuid": "1a35252a-0880-4d08-9f8a-8134dd97767f",
              "parentUUID": "dc368489-a84a-449a-afc2-f0d293660e20",
              "isHook": false,
              "skipped": false
            },
            {
              "title": "Exibe mensagem erro - Email e Senha obrigatórios",
              "fullTitle": "Testes de Login Exibe mensagem erro - Email e Senha obrigatórios",
              "timedOut": null,
              "duration": 348,
              "state": "passed",
              "speed": "fast",
              "pass": true,
              "fail": false,
              "pending": false,
              "context": null,
              "code": "cy.get('.btn').click();\ncy.get('.alert').should('be.visible').contains('Email é um campo obrigatório');\ncy.get('.alert').should('be.visible').contains('Senha é um campo obrigatório');",
              "err": {},
              "uuid": "bf9c6f3b-7152-4b59-b21f-44c9558bbf5e",
              "parentUUID": "dc368489-a84a-449a-afc2-f0d293660e20",
              "isHook": false,
              "skipped": false
            },
            {
              "title": "Realiza Login com sucesso",
              "fullTitle": "Testes de Login Realiza Login com sucesso",
              "timedOut": null,
              "duration": 1477,
              "state": "passed",
              "speed": "fast",
              "pass": true,
              "fail": false,
              "pending": false,
              "context": null,
              "code": "cy.preencheLogin(email, senha);\ncy.get('.alert').should('be.visible').contains(`Bem vindo, ${nome}!`);\ncy.get('.footer > span').should('be.visible');\ncy.url().should('eq', 'https://seubarriga.wcaquino.me/logar');",
              "err": {},
              "uuid": "6a2d2ec0-fa64-458e-89c9-2ba5e08e9f40",
              "parentUUID": "dc368489-a84a-449a-afc2-f0d293660e20",
              "isHook": false,
              "skipped": false
            }
          ],
          "suites": [],
          "passes": [
            "7bcfa2b3-ccbb-45e2-8fdc-9933c68b688c",
            "75fb0913-49e6-4a72-9cc3-b349bc32b44a",
            "48ee45cf-26f2-4416-a93a-51ac4d3d51be",
            "1a35252a-0880-4d08-9f8a-8134dd97767f",
            "bf9c6f3b-7152-4b59-b21f-44c9558bbf5e",
            "6a2d2ec0-fa64-458e-89c9-2ba5e08e9f40"
          ],
          "failures": [],
          "pending": [],
          "skipped": [],
          "duration": 7914,
          "root": false,
          "rootEmpty": false,
          "_timeout": 2000
        }
      ],
      "passes": [],
      "failures": [],
      "pending": [],
      "skipped": [],
      "duration": 0,
      "root": true,
      "rootEmpty": true,
      "_timeout": 2000
    }
  ],
  "meta": {
    "mocha": {
      "version": "7.0.1"
    },
    "mochawesome": {
      "options": {
        "quiet": false,
        "reportFilename": "mochawesome",
        "saveHtml": true,
        "saveJson": true,
        "consoleReporter": "spec",
        "useInlineDiffs": false,
        "code": true
      },
      "version": "7.1.3"
    },
    "marge": {
      "options": {
        "reportDir": "cypress/reports",
        "overwrite": false,
        "html": true,
        "json": true
      },
      "version": "6.2.0"
    }
  }
}